{"E:\\_manikandan_new\\_new resume_updated\\_jenkins\\_notes_proj\\server\\controllers\\auth\\index.js": {"path":"E:\\_manikandan_new\\_new resume_updated\\_jenkins\\_notes_proj\\server\\controllers\\auth\\index.js","statementMap":{"0":{"start":{"line":1,"column":14},"end":{"line":1,"column":42}},"1":{"start":{"line":2,"column":23},"end":{"line":2,"column":72}},"2":{"start":{"line":4,"column":22},"end":{"line":4,"column":47}},"3":{"start":{"line":5,"column":28},"end":{"line":5,"column":70}},"4":{"start":{"line":6,"column":20},"end":{"line":6,"column":52}},"5":{"start":{"line":8,"column":23},"end":{"line":82,"column":1}},"6":{"start":{"line":10,"column":24},"end":{"line":12,"column":5}},"7":{"start":{"line":14,"column":25},"end":{"line":32,"column":5}},"8":{"start":{"line":15,"column":8},"end":{"line":15,"column":32}},"9":{"start":{"line":16,"column":8},"end":{"line":31,"column":9}},"10":{"start":{"line":17,"column":40},"end":{"line":17,"column":48}},"11":{"start":{"line":18,"column":12},"end":{"line":18,"column":69}},"12":{"start":{"line":18,"column":37},"end":{"line":18,"column":69}},"13":{"start":{"line":19,"column":32},"end":{"line":19,"column":76}},"14":{"start":{"line":20,"column":12},"end":{"line":24,"column":13}},"15":{"start":{"line":21,"column":30},"end":{"line":21,"column":61}},"16":{"start":{"line":22,"column":16},"end":{"line":22,"column":39}},"17":{"start":{"line":23,"column":16},"end":{"line":23,"column":28}},"18":{"start":{"line":25,"column":35},"end":{"line":25,"column":70}},"19":{"start":{"line":26,"column":25},"end":{"line":26,"column":71}},"20":{"start":{"line":27,"column":30},"end":{"line":27,"column":47}},"21":{"start":{"line":28,"column":12},"end":{"line":28,"column":81}},"22":{"start":{"line":30,"column":12},"end":{"line":30,"column":23}},"23":{"start":{"line":34,"column":18},"end":{"line":63,"column":5}},"24":{"start":{"line":35,"column":8},"end":{"line":61,"column":9}},"25":{"start":{"line":36,"column":40},"end":{"line":36,"column":48}},"26":{"start":{"line":37,"column":12},"end":{"line":37,"column":68}},"27":{"start":{"line":37,"column":37},"end":{"line":37,"column":68}},"28":{"start":{"line":39,"column":25},"end":{"line":39,"column":69}},"29":{"start":{"line":40,"column":12},"end":{"line":44,"column":13}},"30":{"start":{"line":41,"column":30},"end":{"line":41,"column":57}},"31":{"start":{"line":42,"column":16},"end":{"line":42,"column":39}},"32":{"start":{"line":43,"column":16},"end":{"line":43,"column":28}},"33":{"start":{"line":46,"column":36},"end":{"line":46,"column":89}},"34":{"start":{"line":47,"column":12},"end":{"line":51,"column":13}},"35":{"start":{"line":48,"column":30},"end":{"line":48,"column":67}},"36":{"start":{"line":49,"column":16},"end":{"line":49,"column":39}},"37":{"start":{"line":50,"column":16},"end":{"line":50,"column":28}},"38":{"start":{"line":54,"column":12},"end":{"line":54,"column":33}},"39":{"start":{"line":56,"column":32},"end":{"line":56,"column":74}},"40":{"start":{"line":58,"column":12},"end":{"line":58,"column":121}},"41":{"start":{"line":60,"column":12},"end":{"line":60,"column":24}},"42":{"start":{"line":65,"column":25},"end":{"line":69,"column":5}},"43":{"start":{"line":66,"column":8},"end":{"line":66,"column":22}},"44":{"start":{"line":68,"column":8},"end":{"line":68,"column":35}},"45":{"start":{"line":71,"column":19},"end":{"line":80,"column":5}},"46":{"start":{"line":72,"column":8},"end":{"line":72,"column":22}},"47":{"start":{"line":74,"column":8},"end":{"line":74,"column":81}},"48":{"start":{"line":75,"column":35},"end":{"line":75,"column":81}},"49":{"start":{"line":76,"column":8},"end":{"line":76,"column":39}},"50":{"start":{"line":79,"column":8},"end":{"line":79,"column":32}},"51":{"start":{"line":81,"column":4},"end":{"line":81,"column":56}},"52":{"start":{"line":84,"column":0},"end":{"line":84,"column":32}}},"fnMap":{"0":{"name":"(anonymous_0)","decl":{"start":{"line":8,"column":23},"end":{"line":8,"column":24}},"loc":{"start":{"line":8,"column":36},"end":{"line":82,"column":1}},"line":8},"1":{"name":"(anonymous_1)","decl":{"start":{"line":10,"column":24},"end":{"line":10,"column":25}},"loc":{"start":{"line":10,"column":45},"end":{"line":12,"column":5}},"line":10},"2":{"name":"(anonymous_2)","decl":{"start":{"line":14,"column":25},"end":{"line":14,"column":26}},"loc":{"start":{"line":14,"column":47},"end":{"line":32,"column":5}},"line":14},"3":{"name":"(anonymous_3)","decl":{"start":{"line":34,"column":18},"end":{"line":34,"column":19}},"loc":{"start":{"line":34,"column":40},"end":{"line":63,"column":5}},"line":34},"4":{"name":"(anonymous_4)","decl":{"start":{"line":65,"column":25},"end":{"line":65,"column":26}},"loc":{"start":{"line":65,"column":47},"end":{"line":69,"column":5}},"line":65},"5":{"name":"(anonymous_5)","decl":{"start":{"line":71,"column":19},"end":{"line":71,"column":20}},"loc":{"start":{"line":71,"column":41},"end":{"line":80,"column":5}},"line":71}},"branchMap":{"0":{"loc":{"start":{"line":18,"column":12},"end":{"line":18,"column":69}},"type":"if","locations":[{"start":{"line":18,"column":12},"end":{"line":18,"column":69}},{"start":{},"end":{}}],"line":18},"1":{"loc":{"start":{"line":18,"column":16},"end":{"line":18,"column":35}},"type":"binary-expr","locations":[{"start":{"line":18,"column":16},"end":{"line":18,"column":22}},{"start":{"line":18,"column":26},"end":{"line":18,"column":35}}],"line":18},"2":{"loc":{"start":{"line":20,"column":12},"end":{"line":24,"column":13}},"type":"if","locations":[{"start":{"line":20,"column":12},"end":{"line":24,"column":13}},{"start":{},"end":{}}],"line":20},"3":{"loc":{"start":{"line":37,"column":12},"end":{"line":37,"column":68}},"type":"if","locations":[{"start":{"line":37,"column":12},"end":{"line":37,"column":68}},{"start":{},"end":{}}],"line":37},"4":{"loc":{"start":{"line":37,"column":16},"end":{"line":37,"column":35}},"type":"binary-expr","locations":[{"start":{"line":37,"column":16},"end":{"line":37,"column":22}},{"start":{"line":37,"column":26},"end":{"line":37,"column":35}}],"line":37},"5":{"loc":{"start":{"line":40,"column":12},"end":{"line":44,"column":13}},"type":"if","locations":[{"start":{"line":40,"column":12},"end":{"line":44,"column":13}},{"start":{},"end":{}}],"line":40},"6":{"loc":{"start":{"line":47,"column":12},"end":{"line":51,"column":13}},"type":"if","locations":[{"start":{"line":47,"column":12},"end":{"line":51,"column":13}},{"start":{},"end":{}}],"line":47}},"s":{"0":1,"1":1,"2":1,"3":1,"4":1,"5":1,"6":2,"7":2,"8":0,"9":0,"10":0,"11":0,"12":0,"13":0,"14":0,"15":0,"16":0,"17":0,"18":0,"19":0,"20":0,"21":0,"22":0,"23":2,"24":0,"25":0,"26":0,"27":0,"28":0,"29":0,"30":0,"31":0,"32":0,"33":0,"34":0,"35":0,"36":0,"37":0,"38":0,"39":0,"40":0,"41":0,"42":2,"43":0,"44":0,"45":2,"46":0,"47":0,"48":0,"49":0,"50":0,"51":2,"52":1},"f":{"0":2,"1":0,"2":0,"3":0,"4":0,"5":0},"b":{"0":[0,0],"1":[0,0],"2":[0,0],"3":[0,0],"4":[0,0],"5":[0,0],"6":[0,0]},"_coverageSchema":"1a1c01bbd47fc00a2c39e90264f33305004495a9","hash":"b371f09cb68fea1d530dbcd86b54f43c30a4850a"}
,"E:\\_manikandan_new\\_new resume_updated\\_jenkins\\_notes_proj\\server\\controllers\\note\\index.js": {"path":"E:\\_manikandan_new\\_new resume_updated\\_jenkins\\_notes_proj\\server\\controllers\\note\\index.js","statementMap":{"0":{"start":{"line":1,"column":13},"end":{"line":1,"column":42}},"1":{"start":{"line":3,"column":28},"end":{"line":3,"column":70}},"2":{"start":{"line":5,"column":24},"end":{"line":123,"column":1}},"3":{"start":{"line":8,"column":28},"end":{"line":16,"column":5}},"4":{"start":{"line":9,"column":8},"end":{"line":15,"column":9}},"5":{"start":{"line":10,"column":31},"end":{"line":10,"column":41}},"6":{"start":{"line":11,"column":26},"end":{"line":11,"column":84}},"7":{"start":{"line":12,"column":12},"end":{"line":12,"column":50}},"8":{"start":{"line":14,"column":12},"end":{"line":14,"column":24}},"9":{"start":{"line":19,"column":24},"end":{"line":28,"column":5}},"10":{"start":{"line":20,"column":8},"end":{"line":27,"column":9}},"11":{"start":{"line":21,"column":27},"end":{"line":21,"column":44}},"12":{"start":{"line":22,"column":25},"end":{"line":22,"column":52}},"13":{"start":{"line":23,"column":12},"end":{"line":23,"column":96}},"14":{"start":{"line":23,"column":23},"end":{"line":23,"column":96}},"15":{"start":{"line":24,"column":12},"end":{"line":24,"column":49}},"16":{"start":{"line":26,"column":12},"end":{"line":26,"column":24}},"17":{"start":{"line":30,"column":23},"end":{"line":48,"column":5}},"18":{"start":{"line":31,"column":59},"end":{"line":31,"column":67}},"19":{"start":{"line":33,"column":8},"end":{"line":33,"column":96}},"20":{"start":{"line":33,"column":20},"end":{"line":33,"column":96}},"21":{"start":{"line":34,"column":8},"end":{"line":34,"column":100}},"22":{"start":{"line":34,"column":22},"end":{"line":34,"column":100}},"23":{"start":{"line":36,"column":8},"end":{"line":47,"column":9}},"24":{"start":{"line":37,"column":25},"end":{"line":42,"column":14}},"25":{"start":{"line":43,"column":30},"end":{"line":43,"column":47}},"26":{"start":{"line":44,"column":12},"end":{"line":44,"column":54}},"27":{"start":{"line":46,"column":12},"end":{"line":46,"column":24}},"28":{"start":{"line":51,"column":28},"end":{"line":65,"column":5}},"29":{"start":{"line":52,"column":59},"end":{"line":52,"column":67}},"30":{"start":{"line":54,"column":8},"end":{"line":54,"column":96}},"31":{"start":{"line":54,"column":20},"end":{"line":54,"column":96}},"32":{"start":{"line":55,"column":8},"end":{"line":55,"column":100}},"33":{"start":{"line":55,"column":22},"end":{"line":55,"column":100}},"34":{"start":{"line":57,"column":8},"end":{"line":64,"column":9}},"35":{"start":{"line":58,"column":31},"end":{"line":58,"column":41}},"36":{"start":{"line":59,"column":32},"end":{"line":59,"column":127}},"37":{"start":{"line":60,"column":12},"end":{"line":60,"column":103}},"38":{"start":{"line":60,"column":30},"end":{"line":60,"column":103}},"39":{"start":{"line":61,"column":12},"end":{"line":61,"column":56}},"40":{"start":{"line":63,"column":12},"end":{"line":63,"column":24}},"41":{"start":{"line":69,"column":23},"end":{"line":78,"column":5}},"42":{"start":{"line":70,"column":8},"end":{"line":77,"column":9}},"43":{"start":{"line":71,"column":27},"end":{"line":71,"column":44}},"44":{"start":{"line":72,"column":32},"end":{"line":72,"column":68}},"45":{"start":{"line":73,"column":12},"end":{"line":73,"column":103}},"46":{"start":{"line":73,"column":30},"end":{"line":73,"column":103}},"47":{"start":{"line":74,"column":12},"end":{"line":74,"column":35}},"48":{"start":{"line":76,"column":12},"end":{"line":76,"column":24}},"49":{"start":{"line":81,"column":20},"end":{"line":91,"column":5}},"50":{"start":{"line":82,"column":8},"end":{"line":90,"column":9}},"51":{"start":{"line":83,"column":27},"end":{"line":83,"column":44}},"52":{"start":{"line":84,"column":29},"end":{"line":84,"column":46}},"53":{"start":{"line":85,"column":32},"end":{"line":85,"column":97}},"54":{"start":{"line":86,"column":12},"end":{"line":86,"column":103}},"55":{"start":{"line":86,"column":30},"end":{"line":86,"column":103}},"56":{"start":{"line":87,"column":12},"end":{"line":87,"column":56}},"57":{"start":{"line":89,"column":12},"end":{"line":89,"column":24}},"58":{"start":{"line":93,"column":23},"end":{"line":119,"column":5}},"59":{"start":{"line":94,"column":26},"end":{"line":94,"column":35}},"60":{"start":{"line":96,"column":27},"end":{"line":96,"column":37}},"61":{"start":{"line":97,"column":8},"end":{"line":99,"column":9}},"62":{"start":{"line":98,"column":12},"end":{"line":98,"column":87}},"63":{"start":{"line":101,"column":8},"end":{"line":117,"column":9}},"64":{"start":{"line":104,"column":34},"end":{"line":109,"column":14}},"65":{"start":{"line":112,"column":12},"end":{"line":112,"column":58}},"66":{"start":{"line":115,"column":12},"end":{"line":115,"column":43}},"67":{"start":{"line":116,"column":12},"end":{"line":116,"column":69}},"68":{"start":{"line":122,"column":4},"end":{"line":122,"column":105}},"69":{"start":{"line":125,"column":0},"end":{"line":125,"column":33}}},"fnMap":{"0":{"name":"(anonymous_0)","decl":{"start":{"line":5,"column":24},"end":{"line":5,"column":25}},"loc":{"start":{"line":5,"column":37},"end":{"line":123,"column":1}},"line":5},"1":{"name":"(anonymous_1)","decl":{"start":{"line":8,"column":28},"end":{"line":8,"column":29}},"loc":{"start":{"line":8,"column":50},"end":{"line":16,"column":5}},"line":8},"2":{"name":"(anonymous_2)","decl":{"start":{"line":19,"column":24},"end":{"line":19,"column":25}},"loc":{"start":{"line":19,"column":46},"end":{"line":28,"column":5}},"line":19},"3":{"name":"(anonymous_3)","decl":{"start":{"line":30,"column":23},"end":{"line":30,"column":24}},"loc":{"start":{"line":30,"column":45},"end":{"line":48,"column":5}},"line":30},"4":{"name":"(anonymous_4)","decl":{"start":{"line":51,"column":28},"end":{"line":51,"column":29}},"loc":{"start":{"line":51,"column":50},"end":{"line":65,"column":5}},"line":51},"5":{"name":"(anonymous_5)","decl":{"start":{"line":69,"column":23},"end":{"line":69,"column":24}},"loc":{"start":{"line":69,"column":45},"end":{"line":78,"column":5}},"line":69},"6":{"name":"(anonymous_6)","decl":{"start":{"line":81,"column":20},"end":{"line":81,"column":21}},"loc":{"start":{"line":81,"column":42},"end":{"line":91,"column":5}},"line":81},"7":{"name":"(anonymous_7)","decl":{"start":{"line":93,"column":23},"end":{"line":93,"column":24}},"loc":{"start":{"line":93,"column":45},"end":{"line":119,"column":5}},"line":93}},"branchMap":{"0":{"loc":{"start":{"line":23,"column":12},"end":{"line":23,"column":96}},"type":"if","locations":[{"start":{"line":23,"column":12},"end":{"line":23,"column":96}},{"start":{},"end":{}}],"line":23},"1":{"loc":{"start":{"line":33,"column":8},"end":{"line":33,"column":96}},"type":"if","locations":[{"start":{"line":33,"column":8},"end":{"line":33,"column":96}},{"start":{},"end":{}}],"line":33},"2":{"loc":{"start":{"line":34,"column":8},"end":{"line":34,"column":100}},"type":"if","locations":[{"start":{"line":34,"column":8},"end":{"line":34,"column":100}},{"start":{},"end":{}}],"line":34},"3":{"loc":{"start":{"line":40,"column":22},"end":{"line":40,"column":32}},"type":"binary-expr","locations":[{"start":{"line":40,"column":22},"end":{"line":40,"column":26}},{"start":{"line":40,"column":30},"end":{"line":40,"column":32}}],"line":40},"4":{"loc":{"start":{"line":54,"column":8},"end":{"line":54,"column":96}},"type":"if","locations":[{"start":{"line":54,"column":8},"end":{"line":54,"column":96}},{"start":{},"end":{}}],"line":54},"5":{"loc":{"start":{"line":55,"column":8},"end":{"line":55,"column":100}},"type":"if","locations":[{"start":{"line":55,"column":8},"end":{"line":55,"column":100}},{"start":{},"end":{}}],"line":55},"6":{"loc":{"start":{"line":60,"column":12},"end":{"line":60,"column":103}},"type":"if","locations":[{"start":{"line":60,"column":12},"end":{"line":60,"column":103}},{"start":{},"end":{}}],"line":60},"7":{"loc":{"start":{"line":73,"column":12},"end":{"line":73,"column":103}},"type":"if","locations":[{"start":{"line":73,"column":12},"end":{"line":73,"column":103}},{"start":{},"end":{}}],"line":73},"8":{"loc":{"start":{"line":86,"column":12},"end":{"line":86,"column":103}},"type":"if","locations":[{"start":{"line":86,"column":12},"end":{"line":86,"column":103}},{"start":{},"end":{}}],"line":86},"9":{"loc":{"start":{"line":97,"column":8},"end":{"line":99,"column":9}},"type":"if","locations":[{"start":{"line":97,"column":8},"end":{"line":99,"column":9}},{"start":{},"end":{}}],"line":97}},"s":{"0":1,"1":1,"2":1,"3":2,"4":0,"5":0,"6":0,"7":0,"8":0,"9":2,"10":0,"11":0,"12":0,"13":0,"14":0,"15":0,"16":0,"17":2,"18":0,"19":0,"20":0,"21":0,"22":0,"23":0,"24":0,"25":0,"26":0,"27":0,"28":2,"29":0,"30":0,"31":0,"32":0,"33":0,"34":0,"35":0,"36":0,"37":0,"38":0,"39":0,"40":0,"41":2,"42":0,"43":0,"44":0,"45":0,"46":0,"47":0,"48":0,"49":2,"50":0,"51":0,"52":0,"53":0,"54":0,"55":0,"56":0,"57":0,"58":2,"59":0,"60":0,"61":0,"62":0,"63":0,"64":0,"65":0,"66":0,"67":0,"68":2,"69":1},"f":{"0":2,"1":0,"2":0,"3":0,"4":0,"5":0,"6":0,"7":0},"b":{"0":[0,0],"1":[0,0],"2":[0,0],"3":[0,0],"4":[0,0],"5":[0,0],"6":[0,0],"7":[0,0],"8":[0,0],"9":[0,0]},"_coverageSchema":"1a1c01bbd47fc00a2c39e90264f33305004495a9","hash":"f06a6a30161f8823fc5ca4b67ae6427ff53ae63c"}
,"E:\\_manikandan_new\\_new resume_updated\\_jenkins\\_notes_proj\\server\\dbConfig\\db-init.js": {"path":"E:\\_manikandan_new\\_new resume_updated\\_jenkins\\_notes_proj\\server\\dbConfig\\db-init.js","statementMap":{"0":{"start":{"line":1,"column":16},"end":{"line":1,"column":52}},"1":{"start":{"line":2,"column":17},"end":{"line":2,"column":36}},"2":{"start":{"line":5,"column":17},"end":{"line":5,"column":130}},"3":{"start":{"line":7,"column":18},"end":{"line":36,"column":1}},"4":{"start":{"line":8,"column":4},"end":{"line":35,"column":5}},"5":{"start":{"line":10,"column":21},"end":{"line":13,"column":10}},"6":{"start":{"line":15,"column":8},"end":{"line":17,"column":9}},"7":{"start":{"line":16,"column":12},"end":{"line":16,"column":70}},"8":{"start":{"line":20,"column":8},"end":{"line":22,"column":11}},"9":{"start":{"line":21,"column":12},"end":{"line":21,"column":52}},"10":{"start":{"line":24,"column":8},"end":{"line":26,"column":11}},"11":{"start":{"line":25,"column":12},"end":{"line":25,"column":54}},"12":{"start":{"line":28,"column":8},"end":{"line":30,"column":11}},"13":{"start":{"line":29,"column":12},"end":{"line":29,"column":48}},"14":{"start":{"line":33,"column":8},"end":{"line":33,"column":69}},"15":{"start":{"line":34,"column":8},"end":{"line":34,"column":24}},"16":{"start":{"line":39,"column":0},"end":{"line":39,"column":12}},"17":{"start":{"line":45,"column":0},"end":{"line":45,"column":27}}},"fnMap":{"0":{"name":"(anonymous_0)","decl":{"start":{"line":7,"column":18},"end":{"line":7,"column":19}},"loc":{"start":{"line":7,"column":30},"end":{"line":36,"column":1}},"line":7},"1":{"name":"(anonymous_1)","decl":{"start":{"line":20,"column":47},"end":{"line":20,"column":48}},"loc":{"start":{"line":20,"column":53},"end":{"line":22,"column":9}},"line":20},"2":{"name":"(anonymous_2)","decl":{"start":{"line":24,"column":40},"end":{"line":24,"column":41}},"loc":{"start":{"line":24,"column":46},"end":{"line":26,"column":9}},"line":24},"3":{"name":"(anonymous_3)","decl":{"start":{"line":28,"column":46},"end":{"line":28,"column":47}},"loc":{"start":{"line":28,"column":52},"end":{"line":30,"column":9}},"line":28}},"branchMap":{"0":{"loc":{"start":{"line":15,"column":8},"end":{"line":17,"column":9}},"type":"if","locations":[{"start":{"line":15,"column":8},"end":{"line":17,"column":9}},{"start":{},"end":{}}],"line":15}},"s":{"0":1,"1":1,"2":1,"3":1,"4":1,"5":1,"6":0,"7":0,"8":0,"9":0,"10":0,"11":0,"12":0,"13":0,"14":0,"15":0,"16":1,"17":1},"f":{"0":1,"1":0,"2":0,"3":0},"b":{"0":[0,0]},"_coverageSchema":"1a1c01bbd47fc00a2c39e90264f33305004495a9","hash":"01363d7233153bce770135d54dbaa6a8094f06fc"}
,"E:\\_manikandan_new\\_new resume_updated\\_jenkins\\_notes_proj\\server\\helper\\modules\\customError.js": {"path":"E:\\_manikandan_new\\_new resume_updated\\_jenkins\\_notes_proj\\server\\helper\\modules\\customError.js","statementMap":{"0":{"start":{"line":4,"column":4},"end":{"line":12,"column":7}},"1":{"start":{"line":6,"column":8},"end":{"line":6,"column":29}},"2":{"start":{"line":11,"column":8},"end":{"line":11,"column":80}},"3":{"start":{"line":15,"column":0},"end":{"line":15,"column":35}}},"fnMap":{"0":{"name":"customErrorPlugin","decl":{"start":{"line":3,"column":15},"end":{"line":3,"column":32}},"loc":{"start":{"line":3,"column":51},"end":{"line":13,"column":1}},"line":3},"1":{"name":"(anonymous_1)","decl":{"start":{"line":4,"column":28},"end":{"line":4,"column":29}},"loc":{"start":{"line":4,"column":61},"end":{"line":12,"column":5}},"line":4}},"branchMap":{},"s":{"0":2,"1":0,"2":0,"3":1},"f":{"0":2,"1":0},"b":{},"_coverageSchema":"1a1c01bbd47fc00a2c39e90264f33305004495a9","hash":"b39ea745115a90dcd194de524b80b99f932a914c"}
,"E:\\_manikandan_new\\_new resume_updated\\_jenkins\\_notes_proj\\server\\helper\\modules\\jwt-helper.js": {"path":"E:\\_manikandan_new\\_new resume_updated\\_jenkins\\_notes_proj\\server\\helper\\modules\\jwt-helper.js","statementMap":{"0":{"start":{"line":1,"column":12},"end":{"line":1,"column":35}},"1":{"start":{"line":3,"column":0},"end":{"line":28,"column":1}},"2":{"start":{"line":5,"column":8},"end":{"line":26,"column":10}},"3":{"start":{"line":6,"column":28},"end":{"line":9,"column":13}},"4":{"start":{"line":11,"column":27},"end":{"line":11,"column":93}},"5":{"start":{"line":14,"column":28},"end":{"line":19,"column":13}},"6":{"start":{"line":21,"column":12},"end":{"line":24,"column":14}},"7":{"start":{"line":22,"column":16},"end":{"line":22,"column":37}},"8":{"start":{"line":22,"column":25},"end":{"line":22,"column":37}},"9":{"start":{"line":23,"column":16},"end":{"line":23,"column":30}}},"fnMap":{"0":{"name":"(anonymous_0)","decl":{"start":{"line":4,"column":21},"end":{"line":4,"column":22}},"loc":{"start":{"line":4,"column":43},"end":{"line":27,"column":5}},"line":4},"1":{"name":"(anonymous_1)","decl":{"start":{"line":5,"column":27},"end":{"line":5,"column":28}},"loc":{"start":{"line":5,"column":48},"end":{"line":26,"column":9}},"line":5},"2":{"name":"(anonymous_2)","decl":{"start":{"line":21,"column":47},"end":{"line":21,"column":48}},"loc":{"start":{"line":21,"column":63},"end":{"line":24,"column":13}},"line":21}},"branchMap":{"0":{"loc":{"start":{"line":22,"column":16},"end":{"line":22,"column":37}},"type":"if","locations":[{"start":{"line":22,"column":16},"end":{"line":22,"column":37}},{"start":{},"end":{}}],"line":22}},"s":{"0":1,"1":1,"2":0,"3":0,"4":0,"5":0,"6":0,"7":0,"8":0,"9":0},"f":{"0":0,"1":0,"2":0},"b":{"0":[0,0]},"_coverageSchema":"1a1c01bbd47fc00a2c39e90264f33305004495a9","hash":"5825e6327228cc58bb6edc33a389a7c23dafb8f8"}
,"E:\\_manikandan_new\\_new resume_updated\\_jenkins\\_notes_proj\\server\\helper\\modules\\validation-schema.js": {"path":"E:\\_manikandan_new\\_new resume_updated\\_jenkins\\_notes_proj\\server\\helper\\modules\\validation-schema.js","statementMap":{"0":{"start":{"line":1,"column":12},"end":{"line":1,"column":26}},"1":{"start":{"line":3,"column":19},"end":{"line":6,"column":2}},"2":{"start":{"line":8,"column":0},"end":{"line":8,"column":31}}},"fnMap":{},"branchMap":{},"s":{"0":1,"1":1,"2":1},"f":{},"b":{},"_coverageSchema":"1a1c01bbd47fc00a2c39e90264f33305004495a9","hash":"af132f458d997295228ee9fabfb010453b0db07b"}
,"E:\\_manikandan_new\\_new resume_updated\\_jenkins\\_notes_proj\\server\\models\\auth\\index.js": {"path":"E:\\_manikandan_new\\_new resume_updated\\_jenkins\\_notes_proj\\server\\models\\auth\\index.js","statementMap":{"0":{"start":{"line":1,"column":17},"end":{"line":1,"column":36}},"1":{"start":{"line":3,"column":19},"end":{"line":17,"column":1}},"2":{"start":{"line":19,"column":0},"end":{"line":19,"column":52}}},"fnMap":{},"branchMap":{},"s":{"0":1,"1":1,"2":1},"f":{},"b":{},"_coverageSchema":"1a1c01bbd47fc00a2c39e90264f33305004495a9","hash":"bcf937c6c86bc393bfbb15bfc95af4d5eebd605c"}
,"E:\\_manikandan_new\\_new resume_updated\\_jenkins\\_notes_proj\\server\\models\\notes\\index.js": {"path":"E:\\_manikandan_new\\_new resume_updated\\_jenkins\\_notes_proj\\server\\models\\notes\\index.js","statementMap":{"0":{"start":{"line":1,"column":17},"end":{"line":1,"column":36}},"1":{"start":{"line":2,"column":15},"end":{"line":2,"column":30}},"2":{"start":{"line":5,"column":19},"end":{"line":30,"column":1}},"3":{"start":{"line":33,"column":0},"end":{"line":33,"column":52}}},"fnMap":{},"branchMap":{},"s":{"0":1,"1":1,"2":1,"3":1},"f":{},"b":{},"_coverageSchema":"1a1c01bbd47fc00a2c39e90264f33305004495a9","hash":"6b6cb6d7412bb150085a92cad8691adb785d1434"}
,"E:\\_manikandan_new\\_new resume_updated\\_jenkins\\_notes_proj\\server\\routes\\auth\\index.js": {"path":"E:\\_manikandan_new\\_new resume_updated\\_jenkins\\_notes_proj\\server\\routes\\auth\\index.js","statementMap":{"0":{"start":{"line":2,"column":19},"end":{"line":18,"column":1}},"1":{"start":{"line":5,"column":28},"end":{"line":5,"column":70}},"2":{"start":{"line":8,"column":4},"end":{"line":8,"column":59}},"3":{"start":{"line":10,"column":4},"end":{"line":10,"column":49}},"4":{"start":{"line":12,"column":4},"end":{"line":12,"column":59}},"5":{"start":{"line":16,"column":4},"end":{"line":16,"column":11}},"6":{"start":{"line":20,"column":0},"end":{"line":20,"column":28}}},"fnMap":{"0":{"name":"(anonymous_0)","decl":{"start":{"line":2,"column":19},"end":{"line":2,"column":20}},"loc":{"start":{"line":2,"column":47},"end":{"line":18,"column":1}},"line":2}},"branchMap":{},"s":{"0":1,"1":2,"2":2,"3":2,"4":2,"5":2,"6":1},"f":{"0":2},"b":{},"_coverageSchema":"1a1c01bbd47fc00a2c39e90264f33305004495a9","hash":"c4e8d507c5654ef986bdeafa78f498658d7eab50"}
,"E:\\_manikandan_new\\_new resume_updated\\_jenkins\\_notes_proj\\server\\routes\\note\\index.js": {"path":"E:\\_manikandan_new\\_new resume_updated\\_jenkins\\_notes_proj\\server\\routes\\note\\index.js","statementMap":{"0":{"start":{"line":1,"column":20},"end":{"line":23,"column":1}},"1":{"start":{"line":4,"column":27},"end":{"line":4,"column":69}},"2":{"start":{"line":6,"column":4},"end":{"line":7,"column":65}},"3":{"start":{"line":9,"column":4},"end":{"line":9,"column":64}},"4":{"start":{"line":11,"column":4},"end":{"line":11,"column":59}},"5":{"start":{"line":13,"column":4},"end":{"line":13,"column":64}},"6":{"start":{"line":15,"column":4},"end":{"line":15,"column":66}},"7":{"start":{"line":17,"column":4},"end":{"line":17,"column":55}},"8":{"start":{"line":19,"column":4},"end":{"line":19,"column":61}},"9":{"start":{"line":21,"column":4},"end":{"line":21,"column":11}},"10":{"start":{"line":25,"column":0},"end":{"line":25,"column":29}}},"fnMap":{"0":{"name":"(anonymous_0)","decl":{"start":{"line":1,"column":20},"end":{"line":1,"column":21}},"loc":{"start":{"line":1,"column":48},"end":{"line":23,"column":1}},"line":1}},"branchMap":{},"s":{"0":1,"1":2,"2":2,"3":2,"4":2,"5":2,"6":2,"7":2,"8":2,"9":2,"10":1},"f":{"0":2},"b":{},"_coverageSchema":"1a1c01bbd47fc00a2c39e90264f33305004495a9","hash":"1cdcc5f7ffee09ce91b50171627268d1f7f78857"}
,"E:\\_manikandan_new\\_new resume_updated\\_jenkins\\_notes_proj\\server\\utils\\constants.js": {"path":"E:\\_manikandan_new\\_new resume_updated\\_jenkins\\_notes_proj\\server\\utils\\constants.js","statementMap":{"0":{"start":{"line":1,"column":16},"end":{"line":12,"column":1}},"1":{"start":{"line":14,"column":0},"end":{"line":14,"column":28}}},"fnMap":{},"branchMap":{},"s":{"0":1,"1":1},"f":{},"b":{},"_coverageSchema":"1a1c01bbd47fc00a2c39e90264f33305004495a9","hash":"a7d6329d8d4508fe2d9091ab597927c0b822b8ad"}
}
