TN:
SF:controllers\auth\index.js
FN:8,(anonymous_0)
FN:10,(anonymous_1)
FN:14,(anonymous_2)
FN:34,(anonymous_3)
FN:65,(anonymous_4)
FN:71,(anonymous_5)
FNF:6
FNH:1
FNDA:2,(anonymous_0)
FNDA:0,(anonymous_1)
FNDA:0,(anonymous_2)
FNDA:0,(anonymous_3)
FNDA:0,(anonymous_4)
FNDA:0,(anonymous_5)
DA:1,1
DA:2,1
DA:4,1
DA:5,1
DA:6,1
DA:8,1
DA:10,2
DA:14,2
DA:15,0
DA:16,0
DA:17,0
DA:18,0
DA:19,0
DA:20,0
DA:21,0
DA:22,0
DA:23,0
DA:25,0
DA:26,0
DA:27,0
DA:28,0
DA:30,0
DA:34,2
DA:35,0
DA:36,0
DA:37,0
DA:39,0
DA:40,0
DA:41,0
DA:42,0
DA:43,0
DA:46,0
DA:47,0
DA:48,0
DA:49,0
DA:50,0
DA:54,0
DA:56,0
DA:58,0
DA:60,0
DA:65,2
DA:66,0
DA:68,0
DA:71,2
DA:72,0
DA:74,0
DA:75,0
DA:76,0
DA:79,0
DA:81,2
DA:84,1
LF:51
LH:13
BRDA:18,0,0,0
BRDA:18,0,1,0
BRDA:18,1,0,0
BRDA:18,1,1,0
BRDA:20,2,0,0
BRDA:20,2,1,0
BRDA:37,3,0,0
BRDA:37,3,1,0
BRDA:37,4,0,0
BRDA:37,4,1,0
BRDA:40,5,0,0
BRDA:40,5,1,0
BRDA:47,6,0,0
BRDA:47,6,1,0
BRF:14
BRH:0
end_of_record
TN:
SF:controllers\note\index.js
FN:5,(anonymous_0)
FN:8,(anonymous_1)
FN:19,(anonymous_2)
FN:30,(anonymous_3)
FN:51,(anonymous_4)
FN:69,(anonymous_5)
FN:81,(anonymous_6)
FN:93,(anonymous_7)
FNF:8
FNH:1
FNDA:2,(anonymous_0)
FNDA:0,(anonymous_1)
FNDA:0,(anonymous_2)
FNDA:0,(anonymous_3)
FNDA:0,(anonymous_4)
FNDA:0,(anonymous_5)
FNDA:0,(anonymous_6)
FNDA:0,(anonymous_7)
DA:1,1
DA:3,1
DA:5,1
DA:8,2
DA:9,0
DA:10,0
DA:11,0
DA:12,0
DA:14,0
DA:19,2
DA:20,0
DA:21,0
DA:22,0
DA:23,0
DA:24,0
DA:26,0
DA:30,2
DA:31,0
DA:33,0
DA:34,0
DA:36,0
DA:37,0
DA:43,0
DA:44,0
DA:46,0
DA:51,2
DA:52,0
DA:54,0
DA:55,0
DA:57,0
DA:58,0
DA:59,0
DA:60,0
DA:61,0
DA:63,0
DA:69,2
DA:70,0
DA:71,0
DA:72,0
DA:73,0
DA:74,0
DA:76,0
DA:81,2
DA:82,0
DA:83,0
DA:84,0
DA:85,0
DA:86,0
DA:87,0
DA:89,0
DA:93,2
DA:94,0
DA:96,0
DA:97,0
DA:98,0
DA:101,0
DA:104,0
DA:112,0
DA:115,0
DA:116,0
DA:122,2
DA:125,1
LF:62
LH:12
BRDA:23,0,0,0
BRDA:23,0,1,0
BRDA:33,1,0,0
BRDA:33,1,1,0
BRDA:34,2,0,0
BRDA:34,2,1,0
BRDA:40,3,0,0
BRDA:40,3,1,0
BRDA:54,4,0,0
BRDA:54,4,1,0
BRDA:55,5,0,0
BRDA:55,5,1,0
BRDA:60,6,0,0
BRDA:60,6,1,0
BRDA:73,7,0,0
BRDA:73,7,1,0
BRDA:86,8,0,0
BRDA:86,8,1,0
BRDA:97,9,0,0
BRDA:97,9,1,0
BRF:20
BRH:0
end_of_record
TN:
SF:dbConfig\db-init.js
FN:7,(anonymous_0)
FN:20,(anonymous_1)
FN:24,(anonymous_2)
FN:28,(anonymous_3)
FNF:4
FNH:1
FNDA:1,(anonymous_0)
FNDA:0,(anonymous_1)
FNDA:0,(anonymous_2)
FNDA:0,(anonymous_3)
DA:1,1
DA:2,1
DA:5,1
DA:7,1
DA:8,1
DA:10,1
DA:15,0
DA:16,0
DA:20,0
DA:21,0
DA:24,0
DA:25,0
DA:28,0
DA:29,0
DA:33,0
DA:34,0
DA:39,1
DA:45,1
LF:18
LH:8
BRDA:15,0,0,0
BRDA:15,0,1,0
BRF:2
BRH:0
end_of_record
TN:
SF:helper\modules\customError.js
FN:3,customErrorPlugin
FN:4,(anonymous_1)
FNF:2
FNH:1
FNDA:2,customErrorPlugin
FNDA:0,(anonymous_1)
DA:4,2
DA:6,0
DA:11,0
DA:15,1
LF:4
LH:2
BRF:0
BRH:0
end_of_record
TN:
SF:helper\modules\jwt-helper.js
FN:4,(anonymous_0)
FN:5,(anonymous_1)
FN:21,(anonymous_2)
FNF:3
FNH:0
FNDA:0,(anonymous_0)
FNDA:0,(anonymous_1)
FNDA:0,(anonymous_2)
DA:1,1
DA:3,1
DA:5,0
DA:6,0
DA:11,0
DA:14,0
DA:21,0
DA:22,0
DA:23,0
LF:9
LH:2
BRDA:22,0,0,0
BRDA:22,0,1,0
BRF:2
BRH:0
end_of_record
TN:
SF:helper\modules\validation-schema.js
FNF:0
FNH:0
DA:1,1
DA:3,1
DA:8,1
LF:3
LH:3
BRF:0
BRH:0
end_of_record
TN:
SF:models\auth\index.js
FNF:0
FNH:0
DA:1,1
DA:3,1
DA:19,1
LF:3
LH:3
BRF:0
BRH:0
end_of_record
TN:
SF:models\notes\index.js
FNF:0
FNH:0
DA:1,1
DA:2,1
DA:5,1
DA:33,1
LF:4
LH:4
BRF:0
BRH:0
end_of_record
TN:
SF:routes\auth\index.js
FN:2,(anonymous_0)
FNF:1
FNH:1
FNDA:2,(anonymous_0)
DA:2,1
DA:5,2
DA:8,2
DA:10,2
DA:12,2
DA:16,2
DA:20,1
LF:7
LH:7
BRF:0
BRH:0
end_of_record
TN:
SF:routes\note\index.js
FN:1,(anonymous_0)
FNF:1
FNH:1
FNDA:2,(anonymous_0)
DA:1,1
DA:4,2
DA:6,2
DA:9,2
DA:11,2
DA:13,2
DA:15,2
DA:17,2
DA:19,2
DA:21,2
DA:25,1
LF:11
LH:11
BRF:0
BRH:0
end_of_record
TN:
SF:utils\constants.js
FNF:0
FNH:0
DA:1,1
DA:14,1
LF:2
LH:2
BRF:0
BRH:0
end_of_record
